[{"line":1,"elements":[{"start_timestamp":"2023-03-07T01:26:11.243Z","before":[{"result":{"duration":3515222000,"status":"passed"},"match":{"location":"tak.capstone.project.base.BaseUITest.setupTests()"}}],"line":12,"name":"Verify user can create an Account into Retail Website","description":"","id":"sign-in-feature;verify-user-can-create-an-account-into-retail-website","after":[{"result":{"error_message":"org.openqa.selenium.NoSuchWindowException: no such window: target window already closed\nfrom unknown error: web view not found\n  (Session info: chrome=110.0.5481.177)\nBuild info: version: '4.4.0', revision: 'e5c75ed026a'\nSystem info: host: 'Irajs-MBP', ip: '2600:4040:28b4:2500:5d35:3ee3:680b:e5fb%en0', os.name: 'Mac OS X', os.arch: 'x86_64', os.version: '11.6', java.version: '11.0.16.1'\nDriver info: org.openqa.selenium.chrome.ChromeDriver\nCommand: [3348faff8cddf97a3eeee04c56471e8c, screenshot {}]\nCapabilities {acceptInsecureCerts: false, browserName: chrome, browserVersion: 110.0.5481.177, chrome: {chromedriverVersion: 110.0.5481.77 (65ed616c6e8e..., userDataDir: /var/folders/8d/9bg2nrmj5fs...}, goog:chromeOptions: {debuggerAddress: localhost:49957}, networkConnectionEnabled: false, pageLoadStrategy: normal, platformName: MAC, proxy: Proxy(), se:cdp: ws://localhost:49957/devtoo..., se:cdpVersion: 110.0.5481.177, setWindowRect: true, strictFileInteractability: false, timeouts: {implicit: 0, pageLoad: 300000, script: 30000}, unhandledPromptBehavior: dismiss and notify, webauthn:extension:credBlob: true, webauthn:extension:largeBlob: true, webauthn:virtualAuthenticators: true}\nSession ID: 3348faff8cddf97a3eeee04c56471e8c\n\tat java.base/jdk.internal.reflect.NativeConstructorAccessorImpl.newInstance0(Native Method)\n\tat java.base/jdk.internal.reflect.NativeConstructorAccessorImpl.newInstance(NativeConstructorAccessorImpl.java:62)\n\tat java.base/jdk.internal.reflect.DelegatingConstructorAccessorImpl.newInstance(DelegatingConstructorAccessorImpl.java:45)\n\tat java.base/java.lang.reflect.Constructor.newInstance(Constructor.java:490)\n\tat org.openqa.selenium.remote.codec.w3c.W3CHttpResponseCodec.createException(W3CHttpResponseCodec.java:200)\n\tat org.openqa.selenium.remote.codec.w3c.W3CHttpResponseCodec.decode(W3CHttpResponseCodec.java:133)\n\tat org.openqa.selenium.remote.codec.w3c.W3CHttpResponseCodec.decode(W3CHttpResponseCodec.java:53)\n\tat org.openqa.selenium.remote.HttpCommandExecutor.execute(HttpCommandExecutor.java:184)\n\tat org.openqa.selenium.remote.service.DriverCommandExecutor.invokeExecute(DriverCommandExecutor.java:167)\n\tat org.openqa.selenium.remote.service.DriverCommandExecutor.execute(DriverCommandExecutor.java:142)\n\tat org.openqa.selenium.remote.RemoteWebDriver.execute(RemoteWebDriver.java:547)\n\tat org.openqa.selenium.remote.RemoteWebDriver.execute(RemoteWebDriver.java:602)\n\tat org.openqa.selenium.remote.RemoteWebDriver.execute(RemoteWebDriver.java:606)\n\tat org.openqa.selenium.remote.RemoteWebDriver.getScreenshotAs(RemoteWebDriver.java:331)\n\tat tak.capstone.project.utilities.CommonUtility.takeScreenShotAsBytes(CommonUtility.java:59)\n\tat tak.capstone.project.base.BaseUITest.closeTests(BaseUITest.java:18)\n","duration":10662000,"status":"failed"},"match":{"location":"tak.capstone.project.base.BaseUITest.closeTests(io.cucumber.java.Scenario)"}}],"type":"scenario","keyword":"Scenario","steps":[{"result":{"duration":145578000,"status":"passed"},"line":13,"name":"User is on reatil website","match":{"location":"tak.capstone.project.steps.RetailSteps.userIsOnRetailWebsite()"},"keyword":"Given "},{"result":{"duration":123184000,"status":"passed"},"line":14,"name":"User click on sign in option","match":{"location":"tak.capstone.project.steps.SignInSteps.serClickOnSignInOption()"},"keyword":"When "},{"result":{"duration":89491000,"status":"passed"},"line":15,"name":"User click on create new account button","match":{"location":"tak.capstone.project.steps.SignInSteps.userClickOnCreateNewAccountButton()"},"keyword":"And "},{"result":{"duration":486002000,"status":"passed"},"line":16,"name":"User fill the Sighup information with below data","match":{"location":"tak.capstone.project.steps.SignInSteps.userFillTheSighupInformationWithBelowData(io.cucumber.datatable.DataTable)"},"rows":[{"cells":["name","email","password","confirmPassword"]},{"cells":["phantom","Takschool03@tekschool.us","Tek@12345","Tek@12345"]}],"keyword":"And "},{"result":{"duration":97680000,"status":"passed"},"line":19,"name":"User click on signup button","match":{"location":"tak.capstone.project.steps.SignInSteps.userClickOnSignupButton()"},"keyword":"And "},{"result":{"error_message":"org.openqa.selenium.NoSuchElementException: Unable to find element with locator By.xpath: //img[@alt = 'profile pic']\nFor documentation on this error, please visit: https://selenium.dev/exceptions/#no_such_element\nBuild info: version: '4.4.0', revision: 'e5c75ed026a'\nSystem info: host: 'Irajs-MBP', ip: '2600:4040:28b4:2500:5d35:3ee3:680b:e5fb%en0', os.name: 'Mac OS X', os.arch: 'x86_64', os.version: '11.6', java.version: '11.0.16.1'\nDriver info: driver.version: RemoteWebDriver\n\tat org.openqa.selenium.remote.ElementLocation$ElementFinder$2.findElement(ElementLocation.java:165)\n\tat org.openqa.selenium.remote.ElementLocation.findElement(ElementLocation.java:60)\n\tat org.openqa.selenium.remote.RemoteWebDriver.findElement(RemoteWebDriver.java:365)\n\tat org.openqa.selenium.remote.RemoteWebDriver.findElement(RemoteWebDriver.java:357)\n\tat org.openqa.selenium.support.pagefactory.DefaultElementLocator.findElement(DefaultElementLocator.java:70)\n\tat org.openqa.selenium.support.pagefactory.internal.LocatingElementHandler.invoke(LocatingElementHandler.java:39)\n\tat com.sun.proxy.$Proxy25.isDisplayed(Unknown Source)\n\tat tak.capstone.project.utilities.CommonUtility.isElementDisplayed(CommonUtility.java:145)\n\tat tak.capstone.project.steps.SignInSteps.userShouldBeLoggedIntoAccountPage(SignInSteps.java:65)\n\tat âœ½.User should be logged into account page(classpath:features/SignIn.feature:20)\n","duration":7956920000,"status":"failed"},"line":20,"name":"User should be logged into account page","match":{"location":"tak.capstone.project.steps.SignInSteps.userShouldBeLoggedIntoAccountPage()"},"keyword":"Then "}],"tags":[{"name":"@CreatAccount"},{"name":"@SignInTest"}]}],"name":"Sign In Feature","description":"","id":"sign-in-feature","keyword":"Feature","uri":"classpath:features/SignIn.feature","tags":[]}]